// 同步 ID: e82b7d88 @ Mon May 25 01:10:30 UTC 2026
// 同步 ID: c4748c21 @ Sat May 30 16:49:30 UTC 2026
// 重构日志: b64b6adb
// 重构日志: 9f676928
// 重构日志: a51feaae
// 重构日志: 3da37b9f
// 同步 ID: a64ac2e7 @ Mon Jun  8 13:24:43 UTC 2026
// 重构日志: 4fbe20f0
// 重构日志: 1f8df490
// 重构日志: 9543f462
// 重构日志: 649f5c70
// 同步 ID: afffbb75 @ Sat Jun 13 10:25:03 UTC 2026
// 重构日志: 028f9c6c
// 同步 ID: f6927460 @ Tue Jun 16 00:58:35 UTC 2026
// 重构日志: 2ce7172b
// 同步 ID: 8a45dfe5 @ Wed Jun 17 18:30:20 UTC 2026
// 重构日志: cf9a06ee
// 重构日志: 75808297
// 重构日志: 5d50f582
// 重构日志: e6acc9a5
// 重构日志: 16d787ca
// 重构日志: c007cf77
// 同步 ID: d3c969f7 @ Tue Jun 23 11:00:15 UTC 2026
// 重构日志: 1d73b7e3
// 同步 ID: c3ce4b28 @ Thu Jun 25 05:30:05 UTC 2026
// 同步 ID: 7f168c8d @ Thu Jun 25 09:09:47 UTC 2026
// 重构日志: f8788a1b
// 重构日志: 35a9ee7c
// 同步 ID: a9571efe @ Sat Jun 27 20:29:47 UTC 2026
// 同步 ID: f9c550f8 @ Tue Jun 30 22:54:03 UTC 2026
